[debug] [2021-07-08T19:39:46.848Z] ----------------------------------------------------------------------
[debug] [2021-07-08T19:39:46.850Z] Command:       C:\Program Files\nodejs\node.exe C:\Users\Sankalp\AppData\Roaming\npm\node_modules\firebase-tools\lib\bin\firebase.js init hosting
[debug] [2021-07-08T19:39:46.850Z] CLI Version:   9.15.0
[debug] [2021-07-08T19:39:46.850Z] Platform:      win32
[debug] [2021-07-08T19:39:46.850Z] Node Version:  v14.16.0
[debug] [2021-07-08T19:39:46.851Z] Time:          Fri Jul 09 2021 01:09:46 GMT+0530 (India Standard Time)
[debug] [2021-07-08T19:39:46.851Z] ----------------------------------------------------------------------
[debug] 
[debug] [2021-07-08T19:39:46.857Z] > command requires scopes: ["email","openid","https://www.googleapis.com/auth/cloudplatformprojects.readonly","https://www.googleapis.com/auth/firebase","https://www.googleapis.com/auth/cloud-platform"]
[debug] [2021-07-08T19:39:46.857Z] > authorizing via signed-in user (sankalp1632000@gmail.com)
[info] 
     ######## #### ########  ######## ########     ###     ######  ########
     ##        ##  ##     ## ##       ##     ##  ##   ##  ##       ##
     ######    ##  ########  ######   ########  #########  ######  ######
     ##        ##  ##    ##  ##       ##     ## ##     ##       ## ##
     ##       #### ##     ## ######## ########  ##     ##  ######  ########

You're about to initialize a Firebase project in this directory:

  C:\Users\Sankalp\Desktop\social-website

[info] 
=== Project Setup
[info] 
[info] First, let's associate this project directory with a Firebase project.
[info] You can create multiple project aliases by running firebase use --add, 
[info] but for now we'll just set up a default project.
[info] 
[debug] [2021-07-08T19:40:36.707Z] >>> [apiv2][query] GET https://firebase.googleapis.com/v1beta1/projects pageSize=100
[debug] [2021-07-08T19:40:37.331Z] <<< [apiv2][status] GET https://firebase.googleapis.com/v1beta1/projects 200
[debug] [2021-07-08T19:40:37.331Z] <<< [apiv2][body] GET https://firebase.googleapis.com/v1beta1/projects [omitted]
[info] i  Using project react-music-pod (react-music-pod) 
[info] 
=== Hosting Setup
[info] 
[info] Your public directory is the folder (relative to your project directory) that
[info] will contain Hosting assets to be uploaded with firebase deploy. If you
[info] have a build process for your assets, use your build's output directory.
[info] 
[debug] [2021-07-08T19:41:23.934Z] ----------------------------------------------------------------------
[debug] [2021-07-08T19:41:23.935Z] Command:       C:\Program Files\nodejs\node.exe C:\Users\Sankalp\AppData\Roaming\npm\node_modules\firebase-tools\lib\bin\firebase.js init hosting
[debug] [2021-07-08T19:41:23.936Z] CLI Version:   9.15.0
[debug] [2021-07-08T19:41:23.936Z] Platform:      win32
[debug] [2021-07-08T19:41:23.936Z] Node Version:  v14.16.0
[debug] [2021-07-08T19:41:23.937Z] Time:          Fri Jul 09 2021 01:11:23 GMT+0530 (India Standard Time)
[debug] [2021-07-08T19:41:23.937Z] ----------------------------------------------------------------------
[debug] 
[debug] [2021-07-08T19:41:23.942Z] > command requires scopes: ["email","openid","https://www.googleapis.com/auth/cloudplatformprojects.readonly","https://www.googleapis.com/auth/firebase","https://www.googleapis.com/auth/cloud-platform"]
[debug] [2021-07-08T19:41:23.942Z] > authorizing via signed-in user (sankalp1632000@gmail.com)
[info] 
     ######## #### ########  ######## ########     ###     ######  ########
     ##        ##  ##     ## ##       ##     ##  ##   ##  ##       ##
     ######    ##  ########  ######   ########  #########  ######  ######
     ##        ##  ##    ##  ##       ##     ## ##     ##       ## ##
     ##       #### ##     ## ######## ########  ##     ##  ######  ########

You're about to initialize a Firebase project in this directory:

  C:\Users\Sankalp\Desktop\social-website

[info] 
=== Project Setup
[info] 
[info] First, let's associate this project directory with a Firebase project.
[info] You can create multiple project aliases by running firebase use --add, 
[info] but for now we'll just set up a default project.
[info] 
